2021-01-07 18:57:34,976 - Versa_director - DEBUG - <netmiko.versa.versa_ssh.VersaSSH object at 0x000001FDF1EF2C40>
2021-01-07 18:57:40,378 - Versa_director - DEBUG - versa: Automated@VDir-BLR-NEW-01>
2021-01-07 18:57:40,900 - Versa_director - INFO - CMD>> : request devices device CPE-14 ping
2021-01-07 18:57:51,425 - Versa_director - INFO - request devices device CPE-14 ping
result PING 20.20.72.14 (20.20.72.14) 56(84) bytes of data.

--- 20.20.72.14 ping statistics ---
1 packets transmitted, 0 received, 100% packet loss, time 0ms


[ok][2021-01-07 13:28:21]
Automated@VDir-BLR-NEW-01> 
2021-01-07 18:57:51,426 - Versa_director - INFO - CONFIG_RESULT:
2021-01-07 18:57:51,426 - Versa_director - INFO - ['CPE-14', 'VD --> CPE Request ping failed.']
2021-01-07 18:57:51,935 - Versa_director - INFO - CMD>> : request devices device CPE25-Performance-DUT ping
2021-01-07 18:58:02,464 - Versa_director - INFO - request devices device CPE25-Performance-DUT ping
result PING 20.20.90.25 (20.20.90.25) 56(84) bytes of data.

--- 20.20.90.25 ping statistics ---
1 packets transmitted, 0 received, 100% packet loss, time 0ms


[ok][2021-01-07 13:28:32]
Automated@VDir-BLR-NEW-01> 
2021-01-07 18:58:02,464 - Versa_director - INFO - CONFIG_RESULT:
2021-01-07 18:58:02,465 - Versa_director - INFO - ['CPE-14', 'VD --> CPE Request ping failed.']
2021-01-07 18:58:02,465 - Versa_director - INFO - ['CPE25-Performance-DUT', 'VD --> CPE Request ping failed.']
2021-01-07 18:58:02,968 - Versa_director - INFO - CMD>> : request devices device CPE26-HKG-SINGLE-CPE-HYBRID-IPC00190-IPV6 ping
2021-01-07 18:58:13,496 - Versa_director - INFO - request devices device CPE26-HKG-SINGLE-CPE-HYBRID-IPC00190-IPV6 ping
result PING 20.20.90.26 (20.20.90.26) 56(84) bytes of data.

--- 20.20.90.26 ping statistics ---
1 packets transmitted, 0 received, 100% packet loss, time 0ms


[ok][2021-01-07 13:28:43]
Automated@VDir-BLR-NEW-01> 
2021-01-07 18:58:13,496 - Versa_director - INFO - CONFIG_RESULT:
2021-01-07 18:58:13,497 - Versa_director - INFO - ['CPE-14', 'VD --> CPE Request ping failed.']
2021-01-07 18:58:13,497 - Versa_director - INFO - ['CPE25-Performance-DUT', 'VD --> CPE Request ping failed.']
2021-01-07 18:58:13,497 - Versa_director - INFO - ['CPE26-HKG-SINGLE-CPE-HYBRID-IPC00190-IPV6', 'VD --> CPE Request ping failed.']
2021-01-07 18:58:14,001 - Versa_director - INFO - CMD>> : request devices device CPE27-SIN-SINGLE-CPE-HYBRID-IPC00190 ping
2021-01-07 18:58:14,503 - Versa_director - INFO - request devices device CPE27-SIN-SINGLE-CPE-HYBRID-IPC00190 ping
result PING 20.20.90.27 (20.20.90.27) 56(84) bytes of data.
64 bytes from 20.20.90.27: icmp_seq=1 ttl=61 time=5.73 ms

--- 20.20.90.27 ping statistics ---
1 packets transmitted, 1 received, 0% packet loss, time 0ms
rtt min/avg/max/mdev = 5.734/5.734/5.734/0.000 ms

[ok][2021-01-07 13:28:44]
Automated@VDir-BLR-NEW-01> 
2021-01-07 18:58:14,503 - Versa_director - INFO - CMD>> : request devices device CPE27-SIN-SINGLE-CPE-HYBRID-IPC00190 connect
2021-01-07 18:58:15,608 - Versa_director - INFO - request devices device CPE27-SIN-SINGLE-CPE-HYBRID-IPC00190 connect
result true
info (Automated) Connected to CPE27-SIN-SINGLE-CPE-HYBRID-IPC00190 - 20.20.90.27:2022
[ok][2021-01-07 13:28:45]
Automated@VDir-BLR-NEW-01> 
2021-01-07 18:58:15,609 - Versa_director - INFO - CMD>> : request devices device CPE27-SIN-SINGLE-CPE-HYBRID-IPC00190 check-sync
2021-01-07 18:58:16,716 - Versa_director - INFO - request devices device CPE27-SIN-SINGLE-CPE-HYBRID-IPC00190 check-sync
result in-sync
[ok][2021-01-07 13:28:46]
Automated@VDir-BLR-NEW-01> 
2021-01-07 18:58:16,716 - Versa_director - INFO - CMD>> : show devices device CPE27-SIN-SINGLE-CPE-HYBRID-IPC00190 live-status bgp neighbor brief IPC00190-Control-VR | tab
2021-01-07 18:58:18,434 - Versa_director - INFO - show devices device CPE27-SIN-SINGLE-CPE-HYBRID-IPC00190 live-status bgp neighbor brief IPC00190-Control-VR | tab
                                  LOCAL                        REMOTE          REMOTE               TOTAL     TOTAL                  TOTAL     TOTAL        
                                  ADDRESS               LOCAL  ADDR    REMOTE  AS                   SENT      RECEIVED  ESTABLISHED  RECEIVED  TRANSMITTED  
ROUTING INSTANCE     NEIGHBOR IP  TYPE     LOCAL ADDR   PORT   TYPE    PORT    NUMBER  STATE        PREFIXES  PREFIXES  TIME         MESSAGES  MESSAGES     
------------------------------------------------------------------------------------------------------------------------------------------------------------
IPC00190-Control-VR  10.90.64.15  ipv4     20.20.90.27  0      ipv4    0       65505   Established  5         106       00:09:18     81        32           
                     10.90.64.17  ipv4     20.20.90.27  0      ipv4    0       65505   Established  5         156       00:09:18     86        32           

[ok][2021-01-07 13:28:48]
Automated@VDir-BLR-NEW-01> 
2021-01-07 18:58:25,806 - Versa_director - INFO - configure private
Entering configuration mode private
[ok][2021-01-07 13:28:50]

[edit]
Automated@VDir-BLR-NEW-01% set devices device CPE27-SIN-SINGLE-CPE-HYBRID-IPC00190 config routing-instances IPC00190-Control-VR protocols bgp 90 graceful-restart enable maximum-restart-time 60 recovery-time 60 select-defer-time 60 stalepath-time 60 dynamic-peer-restart-time 0 multiplier 20
[ok][2021-01-07 13:28:53]

[edit]
Automated@VDir-BLR-NEW-01% 
2021-01-07 18:58:25,806 - Versa_director - DEBUG - configure private
Entering configuration mode private
[ok][2021-01-07 13:28:50]

[edit]
Automated@VDir-BLR-NEW-01% set devices device CPE27-SIN-SINGLE-CPE-HYBRID-IPC00190 config routing-instances IPC00190-Control-VR protocols bgp 90 graceful-restart enable maximum-restart-time 60 recovery-time 60 select-defer-time 60 stalepath-time 60 dynamic-peer-restart-time 0 multiplier 20
[ok][2021-01-07 13:28:53]

[edit]
Automated@VDir-BLR-NEW-01% 
2021-01-07 18:58:26,332 - Versa_director - DEBUG - commit
No modifications to commit.
[ok][2021-01-07 13:28:56]

[edit]
Automated@VDir-BLR-NEW-01% 
2021-01-07 18:58:26,840 - Versa_director - DEBUG - exit no-confirm
[ok][2021-01-07 13:28:56]
Automated@VDir-BLR-NEW-01> 
2021-01-07 18:58:26,840 - Versa_director - DEBUG - No modifications to commit.
2021-01-07 18:58:27,345 - Versa_director - INFO - CMD>> : request devices device CPE27-SIN-SINGLE-CPE-HYBRID-IPC00190 ping
2021-01-07 18:58:27,846 - Versa_director - INFO - request devices device CPE27-SIN-SINGLE-CPE-HYBRID-IPC00190 ping
result PING 20.20.90.27 (20.20.90.27) 56(84) bytes of data.
64 bytes from 20.20.90.27: icmp_seq=1 ttl=61 time=3.82 ms

--- 20.20.90.27 ping statistics ---
1 packets transmitted, 1 received, 0% packet loss, time 0ms
rtt min/avg/max/mdev = 3.823/3.823/3.823/0.000 ms

[ok][2021-01-07 13:28:57]
Automated@VDir-BLR-NEW-01> 
2021-01-07 18:58:27,847 - Versa_director - INFO - CMD>> : request devices device CPE27-SIN-SINGLE-CPE-HYBRID-IPC00190 connect
2021-01-07 18:58:28,752 - Versa_director - INFO - request devices device CPE27-SIN-SINGLE-CPE-HYBRID-IPC00190 connect
result true
info (Automated) Connected to CPE27-SIN-SINGLE-CPE-HYBRID-IPC00190 - 20.20.90.27:2022
[ok][2021-01-07 13:28:58]
Automated@VDir-BLR-NEW-01> 
2021-01-07 18:58:28,752 - Versa_director - INFO - CMD>> : request devices device CPE27-SIN-SINGLE-CPE-HYBRID-IPC00190 check-sync
2021-01-07 18:58:29,858 - Versa_director - INFO - request devices device CPE27-SIN-SINGLE-CPE-HYBRID-IPC00190 check-sync
result in-sync
[ok][2021-01-07 13:28:59]
Automated@VDir-BLR-NEW-01> 
2021-01-07 18:58:29,858 - Versa_director - INFO - CMD>> : show devices device CPE27-SIN-SINGLE-CPE-HYBRID-IPC00190 live-status bgp neighbor brief IPC00190-Control-VR | tab
2021-01-07 18:58:31,566 - Versa_director - INFO - show devices device CPE27-SIN-SINGLE-CPE-HYBRID-IPC00190 live-status bgp neighbor brief IPC00190-Control-VR | tab
                                  LOCAL                        REMOTE          REMOTE               TOTAL     TOTAL                  TOTAL     TOTAL        
                                  ADDRESS               LOCAL  ADDR    REMOTE  AS                   SENT      RECEIVED  ESTABLISHED  RECEIVED  TRANSMITTED  
ROUTING INSTANCE     NEIGHBOR IP  TYPE     LOCAL ADDR   PORT   TYPE    PORT    NUMBER  STATE        PREFIXES  PREFIXES  TIME         MESSAGES  MESSAGES     
------------------------------------------------------------------------------------------------------------------------------------------------------------
IPC00190-Control-VR  10.90.64.15  ipv4     20.20.90.27  0      ipv4    0       65505   Established  5         106       00:09:31     82        32           
                     10.90.64.17  ipv4     20.20.90.27  0      ipv4    0       65505   Established  5         156       00:09:31     87        32           

[ok][2021-01-07 13:29:01]
Automated@VDir-BLR-NEW-01> 
2021-01-07 18:58:31,566 - Versa_director - INFO - CONFIG_RESULT:
2021-01-07 18:58:31,567 - Versa_director - INFO - ['CPE-14', 'VD --> CPE Request ping failed.']
2021-01-07 18:58:31,567 - Versa_director - INFO - ['CPE25-Performance-DUT', 'VD --> CPE Request ping failed.']
2021-01-07 18:58:31,567 - Versa_director - INFO - ['CPE26-HKG-SINGLE-CPE-HYBRID-IPC00190-IPV6', 'VD --> CPE Request ping failed.']
2021-01-07 18:58:31,567 - Versa_director - INFO - ['CPE27-SIN-SINGLE-CPE-HYBRID-IPC00190', 'No modifications to commit..After Commit, PASS']
2021-01-07 18:58:31,571 - Versa_director - INFO - Time elapsed: 0:00:51.192249

2021-01-07 18:58:31,571 - Versa_director - INFO - LOGS Stored in : C:\Softwares_mine\Code_base\NOVITAS_SDWAN_AUTOMATION_py3\csit/LOGS/2021_01_07_18_57_29_272526/
2021-01-07 18:58:31,573 - Versa_director - DEBUG - <netmiko.versa.versa_ssh.VersaSSH object at 0x000001FDF1EF2C40> connection closed
