2021-01-08 14:09:14,725 - Versa_director - DEBUG - <netmiko.versa.versa_ssh.VersaSSH object at 0x000002317D7C2C70>
2021-01-08 14:09:20,128 - Versa_director - DEBUG - versa: Automated@VDir-BLR-NEW-01>
2021-01-08 14:09:20,655 - Versa_director - INFO - CMD>> : request devices device CPE-14 ping
2021-01-08 14:09:31,195 - Versa_director - INFO - request devices device CPE-14 ping
result PING 20.20.72.14 (20.20.72.14) 56(84) bytes of data.

--- 20.20.72.14 ping statistics ---
1 packets transmitted, 0 received, 100% packet loss, time 0ms


[ok][2021-01-08 08:40:02]
Automated@VDir-BLR-NEW-01> 
2021-01-08 14:09:31,195 - Versa_director - INFO - CONFIG_RESULT:
2021-01-08 14:09:31,195 - Versa_director - INFO - ['CPE-14', 'VD --> CPE Request ping failed.']
2021-01-08 14:09:31,710 - Versa_director - INFO - CMD>> : request devices device CPE25-Performance-DUT ping
2021-01-08 14:09:42,318 - Versa_director - INFO - request devices device CPE25-Performance-DUT ping
result PING 20.20.90.25 (20.20.90.25) 56(84) bytes of data.

--- 20.20.90.25 ping statistics ---
1 packets transmitted, 0 received, 100% packet loss, time 0ms


[ok][2021-01-08 08:40:13]
Automated@VDir-BLR-NEW-01> 
2021-01-08 14:09:42,318 - Versa_director - INFO - CONFIG_RESULT:
2021-01-08 14:09:42,318 - Versa_director - INFO - ['CPE-14', 'VD --> CPE Request ping failed.']
2021-01-08 14:09:42,318 - Versa_director - INFO - ['CPE25-Performance-DUT', 'VD --> CPE Request ping failed.']
2021-01-08 14:09:42,820 - Versa_director - INFO - CMD>> : request devices device CPE26-HKG-SINGLE-CPE-HYBRID-IPC00190-IPV6 ping
2021-01-08 14:09:53,349 - Versa_director - INFO - request devices device CPE26-HKG-SINGLE-CPE-HYBRID-IPC00190-IPV6 ping
result PING 20.20.90.26 (20.20.90.26) 56(84) bytes of data.

--- 20.20.90.26 ping statistics ---
1 packets transmitted, 0 received, 100% packet loss, time 0ms


[ok][2021-01-08 08:40:24]
Automated@VDir-BLR-NEW-01> 
2021-01-08 14:09:53,349 - Versa_director - INFO - CONFIG_RESULT:
2021-01-08 14:09:53,349 - Versa_director - INFO - ['CPE-14', 'VD --> CPE Request ping failed.']
2021-01-08 14:09:53,349 - Versa_director - INFO - ['CPE25-Performance-DUT', 'VD --> CPE Request ping failed.']
2021-01-08 14:09:53,349 - Versa_director - INFO - ['CPE26-HKG-SINGLE-CPE-HYBRID-IPC00190-IPV6', 'VD --> CPE Request ping failed.']
2021-01-08 14:09:53,851 - Versa_director - INFO - CMD>> : request devices device CPE27-SIN-SINGLE-CPE-HYBRID-IPC00190 ping
2021-01-08 14:09:54,354 - Versa_director - INFO - request devices device CPE27-SIN-SINGLE-CPE-HYBRID-IPC00190 ping
result PING 20.20.90.27 (20.20.90.27) 56(84) bytes of data.
64 bytes from 20.20.90.27: icmp_seq=1 ttl=61 time=4.83 ms

--- 20.20.90.27 ping statistics ---
1 packets transmitted, 1 received, 0% packet loss, time 0ms
rtt min/avg/max/mdev = 4.832/4.832/4.832/0.000 ms

[ok][2021-01-08 08:40:25]
Automated@VDir-BLR-NEW-01> 
2021-01-08 14:09:54,354 - Versa_director - INFO - CMD>> : request devices device CPE27-SIN-SINGLE-CPE-HYBRID-IPC00190 connect
2021-01-08 14:09:55,466 - Versa_director - INFO - request devices device CPE27-SIN-SINGLE-CPE-HYBRID-IPC00190 connect
result true
info (Automated) Connected to CPE27-SIN-SINGLE-CPE-HYBRID-IPC00190 - 20.20.90.27:2022
[ok][2021-01-08 08:40:26]
Automated@VDir-BLR-NEW-01> 
2021-01-08 14:09:55,467 - Versa_director - INFO - CMD>> : request devices device CPE27-SIN-SINGLE-CPE-HYBRID-IPC00190 check-sync
2021-01-08 14:09:56,577 - Versa_director - INFO - request devices device CPE27-SIN-SINGLE-CPE-HYBRID-IPC00190 check-sync
result in-sync
[ok][2021-01-08 08:40:27]
Automated@VDir-BLR-NEW-01> 
2021-01-08 14:09:56,577 - Versa_director - INFO - CMD>> : show devices device CPE27-SIN-SINGLE-CPE-HYBRID-IPC00190 live-status bgp neighbor brief IPC00190-Control-VR | tab
2021-01-08 14:09:58,283 - Versa_director - INFO - show devices device CPE27-SIN-SINGLE-CPE-HYBRID-IPC00190 live-status bgp neighbor brief IPC00190-Control-VR | tab
                                  LOCAL                        REMOTE          REMOTE               TOTAL     TOTAL                  TOTAL     TOTAL        
                                  ADDRESS               LOCAL  ADDR    REMOTE  AS                   SENT      RECEIVED  ESTABLISHED  RECEIVED  TRANSMITTED  
ROUTING INSTANCE     NEIGHBOR IP  TYPE     LOCAL ADDR   PORT   TYPE    PORT    NUMBER  STATE        PREFIXES  PREFIXES  TIME         MESSAGES  MESSAGES     
------------------------------------------------------------------------------------------------------------------------------------------------------------
IPC00190-Control-VR  10.90.64.15  ipv4     20.20.90.27  0      ipv4    0       65505   Established  5         106       19:20:58     2838      2695         
                     10.90.64.17  ipv4     20.20.90.27  0      ipv4    0       65505   Established  5         160       19:20:58     2821      2698         

[ok][2021-01-08 08:40:29]
Automated@VDir-BLR-NEW-01> 
2021-01-08 14:10:05,666 - Versa_director - INFO - configure private
Entering configuration mode private
[ok][2021-01-08 08:40:31]

[edit]
Automated@VDir-BLR-NEW-01% set devices device CPE27-SIN-SINGLE-CPE-HYBRID-IPC00190 config routing-instances IPC00190-Control-VR protocols bgp 90 graceful-restart enable maximum-restart-time 60 recovery-time 60 select-defer-time 60 stalepath-time 60 dynamic-peer-restart-time 0 multiplier 20
[ok][2021-01-08 08:40:34]

[edit]
Automated@VDir-BLR-NEW-01% 
2021-01-08 14:10:05,666 - Versa_director - DEBUG - configure private
Entering configuration mode private
[ok][2021-01-08 08:40:31]

[edit]
Automated@VDir-BLR-NEW-01% set devices device CPE27-SIN-SINGLE-CPE-HYBRID-IPC00190 config routing-instances IPC00190-Control-VR protocols bgp 90 graceful-restart enable maximum-restart-time 60 recovery-time 60 select-defer-time 60 stalepath-time 60 dynamic-peer-restart-time 0 multiplier 20
[ok][2021-01-08 08:40:34]

[edit]
Automated@VDir-BLR-NEW-01% 
2021-01-08 14:10:06,167 - Versa_director - DEBUG - commit
No modifications to commit.
[ok][2021-01-08 08:40:37]

[edit]
Automated@VDir-BLR-NEW-01% 
2021-01-08 14:10:06,676 - Versa_director - DEBUG - exit no-confirm
[ok][2021-01-08 08:40:37]
Automated@VDir-BLR-NEW-01> 
2021-01-08 14:10:06,677 - Versa_director - DEBUG - No modifications to commit.
2021-01-08 14:10:07,178 - Versa_director - INFO - CMD>> : request devices device CPE27-SIN-SINGLE-CPE-HYBRID-IPC00190 ping
2021-01-08 14:10:07,884 - Versa_director - INFO - request devices device CPE27-SIN-SINGLE-CPE-HYBRID-IPC00190 ping
result PING 20.20.90.27 (20.20.90.27) 56(84) bytes of data.
64 bytes from 20.20.90.27: icmp_seq=1 ttl=61 time=1.75 ms

--- 20.20.90.27 ping statistics ---
1 packets transmitted, 1 received, 0% packet loss, time 0ms
rtt min/avg/max/mdev = 1.758/1.758/1.758/0.000 ms

[ok][2021-01-08 08:40:38]
Automated@VDir-BLR-NEW-01> 
2021-01-08 14:10:07,885 - Versa_director - INFO - CMD>> : request devices device CPE27-SIN-SINGLE-CPE-HYBRID-IPC00190 connect
2021-01-08 14:10:08,819 - Versa_director - INFO - request devices device CPE27-SIN-SINGLE-CPE-HYBRID-IPC00190 connect
result true
info (Automated) Connected to CPE27-SIN-SINGLE-CPE-HYBRID-IPC00190 - 20.20.90.27:2022
[ok][2021-01-08 08:40:39]
Automated@VDir-BLR-NEW-01> 
2021-01-08 14:10:08,819 - Versa_director - INFO - CMD>> : request devices device CPE27-SIN-SINGLE-CPE-HYBRID-IPC00190 check-sync
2021-01-08 14:10:09,923 - Versa_director - INFO - request devices device CPE27-SIN-SINGLE-CPE-HYBRID-IPC00190 check-sync
result in-sync
[ok][2021-01-08 08:40:40]
Automated@VDir-BLR-NEW-01> 
2021-01-08 14:10:09,924 - Versa_director - INFO - CMD>> : show devices device CPE27-SIN-SINGLE-CPE-HYBRID-IPC00190 live-status bgp neighbor brief IPC00190-Control-VR | tab
2021-01-08 14:10:11,632 - Versa_director - INFO - show devices device CPE27-SIN-SINGLE-CPE-HYBRID-IPC00190 live-status bgp neighbor brief IPC00190-Control-VR | tab
                                  LOCAL                        REMOTE          REMOTE               TOTAL     TOTAL                  TOTAL     TOTAL        
                                  ADDRESS               LOCAL  ADDR    REMOTE  AS                   SENT      RECEIVED  ESTABLISHED  RECEIVED  TRANSMITTED  
ROUTING INSTANCE     NEIGHBOR IP  TYPE     LOCAL ADDR   PORT   TYPE    PORT    NUMBER  STATE        PREFIXES  PREFIXES  TIME         MESSAGES  MESSAGES     
------------------------------------------------------------------------------------------------------------------------------------------------------------
IPC00190-Control-VR  10.90.64.15  ipv4     20.20.90.27  0      ipv4    0       65505   Established  5         106       19:21:11     2838      2696         
                     10.90.64.17  ipv4     20.20.90.27  0      ipv4    0       65505   Established  5         160       19:21:11     2822      2698         

[ok][2021-01-08 08:40:42]
Automated@VDir-BLR-NEW-01> 
2021-01-08 14:10:11,632 - Versa_director - INFO - CONFIG_RESULT:
2021-01-08 14:10:11,633 - Versa_director - INFO - ['CPE-14', 'VD --> CPE Request ping failed.']
2021-01-08 14:10:11,633 - Versa_director - INFO - ['CPE25-Performance-DUT', 'VD --> CPE Request ping failed.']
2021-01-08 14:10:11,633 - Versa_director - INFO - ['CPE26-HKG-SINGLE-CPE-HYBRID-IPC00190-IPV6', 'VD --> CPE Request ping failed.']
2021-01-08 14:10:11,633 - Versa_director - INFO - ['CPE27-SIN-SINGLE-CPE-HYBRID-IPC00190', 'No modifications to commit.']
2021-01-08 14:10:11,637 - Versa_director - INFO - Time elapsed: 0:00:51.508745

2021-01-08 14:10:11,637 - Versa_director - INFO - LOGS Stored in : C:\Softwares_mine\Code_base\NOVITAS_SDWAN_AUTOMATION_py3\csit/LOGS/2021_01_08_14_09_09_363992/
2021-01-08 14:10:11,638 - Versa_director - DEBUG - <netmiko.versa.versa_ssh.VersaSSH object at 0x000002317D7C2C70> connection closed
