2021-01-08 12:58:07,295 - Versa_director - DEBUG - <netmiko.versa.versa_ssh.VersaSSH object at 0x0000025A2CE62C70>
2021-01-08 12:58:12,700 - Versa_director - DEBUG - versa: Automated@VDir-BLR-NEW-01>
2021-01-08 12:58:19,496 - Versa_director - INFO - configure private
Entering configuration mode private
[ok][2021-01-08 07:28:46]

[edit]
Automated@VDir-BLR-NEW-01% 

[edit]
Automated@VDir-BLR-NEW-01% 
2021-01-08 12:58:19,496 - Versa_director - DEBUG - configure private
Entering configuration mode private
[ok][2021-01-08 07:28:46]

[edit]
Automated@VDir-BLR-NEW-01% 

[edit]
Automated@VDir-BLR-NEW-01% 
2021-01-08 12:58:19,496 - Versa_director - DEBUG - Commit success
2021-01-08 12:58:19,497 - Versa_director - INFO - CONFIG_RESULT:
2021-01-08 12:58:19,497 - Versa_director - INFO - ['NV-WC-RR01', 'Commit success']
2021-01-08 12:58:23,952 - Versa_director - INFO - 

[edit]
Automated@VDir-BLR-NEW-01% 
2021-01-08 12:58:23,952 - Versa_director - DEBUG - 

[edit]
Automated@VDir-BLR-NEW-01% 
2021-01-08 12:58:23,953 - Versa_director - DEBUG - Commit success
2021-01-08 12:58:23,953 - Versa_director - INFO - CONFIG_RESULT:
2021-01-08 12:58:23,953 - Versa_director - INFO - ['NV-WC-RR01', 'Commit success']
